Build started 06.02.2016 16:30:54.
     1>Project "C:\Users\Пользователь\documents\visual studio 2013\Projects\tttt\tttt\tttt.vcxproj" on node 2 (Build target(s)).
     1>ClCompile:
         C:\Program Files (x86)\Microsoft Visual Studio 12.0\VC\bin\CL.exe /c /I"C:\SFML-2.3.2\include" /Zi /nologo /W3 /WX- /sdl /O2 /Oi /Oy- /GL /D WIN32 /D NDEBUG /D _CONSOLE /D _LIB /D _UNICODE /D UNICODE /Gm- /EHsc /MD /GS /Gy /fp:precise /Zc:wchar_t /Zc:forScope /Fo"Release\\" /Fd"Release\vc120.pdb" /Gd /TP /analyze- /errorReport:prompt main.cpp
         main.cpp
     1>main.cpp(102): warning C4244: 'argument' : conversion from 'time_t' to 'unsigned int', possible loss of data
     1>main.cpp(193): warning C4244: 'argument' : conversion from 'int' to 'float', possible loss of data
     1>main.cpp(226): warning C4244: 'argument' : conversion from 'int' to 'float', possible loss of data
     1>main.cpp(470): warning C4244: 'argument' : conversion from 'int' to 'float', possible loss of data
     1>main.cpp(485): warning C4244: 'argument' : conversion from 'int' to 'float', possible loss of data
     1>main.cpp(493): warning C4244: 'argument' : conversion from 'int' to 'float', possible loss of data
     1>main.cpp(504): warning C4244: 'argument' : conversion from 'int' to 'float', possible loss of data
     1>main.cpp(510): warning C4244: 'argument' : conversion from 'int' to 'float', possible loss of data
       Link:
         C:\Program Files (x86)\Microsoft Visual Studio 12.0\VC\bin\link.exe /ERRORREPORT:PROMPT /OUT:"C:\Users\Пользователь\documents\visual studio 2013\Projects\tttt\Release\tttt.exe" /INCREMENTAL:NO /NOLOGO /LIBPATH:"C:\SFML-2.3.2\lib" "sfml-window.lib" "sfml-system.lib" "sfml-graphics.lib" kernel32.lib user32.lib gdi32.lib winspool.lib comdlg32.lib advapi32.lib shell32.lib ole32.lib oleaut32.lib uuid.lib odbc32.lib odbccp32.lib kernel32.lib user32.lib gdi32.lib winspool.lib comdlg32.lib advapi32.lib shell32.lib ole32.lib oleaut32.lib uuid.lib odbc32.lib odbccp32.lib /MANIFEST /MANIFESTUAC:"level='asInvoker' uiAccess='false'" /manifest:embed /DEBUG /PDB:"C:\Users\Пользователь\documents\visual studio 2013\Projects\tttt\Release\tttt.pdb" /SUBSYSTEM:CONSOLE /OPT:REF /OPT:ICF /LTCG /TLBID:1 /DYNAMICBASE /NXCOMPAT /IMPLIB:"C:\Users\Пользователь\documents\visual studio 2013\Projects\tttt\Release\tttt.lib" /MACHINE:X86 /SAFESEH Release\main.obj
         Generating code
         Finished generating code
         tttt.vcxproj -> C:\Users\Пользователь\documents\visual studio 2013\Projects\tttt\Release\tttt.exe
     1>Done Building Project "C:\Users\Пользователь\documents\visual studio 2013\Projects\tttt\tttt\tttt.vcxproj" (Build target(s)).

Build succeeded.

Time Elapsed 00:00:02.60
